[debug] [2023-01-26T13:40:13.963Z] ----------------------------------------------------------------------
[debug] [2023-01-26T13:40:13.966Z] Command:       C:\Program Files\nodejs\node.exe C:\Users\Shimy\AppData\Roaming\npm\node_modules\firebase-tools\lib\bin\firebase.js init
[debug] [2023-01-26T13:40:13.966Z] CLI Version:   11.21.0
[debug] [2023-01-26T13:40:13.966Z] Platform:      win32
[debug] [2023-01-26T13:40:13.966Z] Node Version:  v16.13.1
[debug] [2023-01-26T13:40:13.968Z] Time:          Thu Jan 26 2023 10:40:13 GMT-0300 (Argentina Standard Time)
[debug] [2023-01-26T13:40:13.968Z] ----------------------------------------------------------------------
[debug] 
[debug] [2023-01-26T13:40:13.976Z] > command requires scopes: ["email","openid","https://www.googleapis.com/auth/cloudplatformprojects.readonly","https://www.googleapis.com/auth/firebase","https://www.googleapis.com/auth/cloud-platform"]
[debug] [2023-01-26T13:40:13.976Z] > authorizing via signed-in user (shim.cristina@gmail.com)
[info] 
     ######## #### ########  ######## ########     ###     ######  ########
     ##        ##  ##     ## ##       ##     ##  ##   ##  ##       ##
     ######    ##  ########  ######   ########  #########  ######  ######
     ##        ##  ##    ##  ##       ##     ## ##     ##       ## ##
     ##       #### ##     ## ######## ########  ##     ##  ######  ########

You're about to initialize a Firebase project in this directory:

  C:\Users\Shimy\Desktop\my-portfolio

[info] 
=== Project Setup
[info] 
[info] First, let's associate this project directory with a Firebase project.
[info] You can create multiple project aliases by running firebase use --add, 
[info] but for now we'll just set up a default project.
[info] 
[debug] [2023-01-26T13:40:36.904Z] >>> [apiv2][query] GET https://firebase.googleapis.com/v1beta1/projects pageSize=100
[debug] [2023-01-26T13:40:37.528Z] <<< [apiv2][status] GET https://firebase.googleapis.com/v1beta1/projects 200
[debug] [2023-01-26T13:40:37.528Z] <<< [apiv2][body] GET https://firebase.googleapis.com/v1beta1/projects [omitted]
[info] i  Using project my-portfolio-a95ca (My Portfolio) 
[info] 
=== Hosting Setup
[info] 
[info] Your public directory is the folder (relative to your project directory) that
[info] will contain Hosting assets to be uploaded with firebase deploy. If you
[info] have a build process for your assets, use your build's output directory.
[info] 
[info] +  Wrote build/404.html 
[debug] [2023-01-26T13:41:31.039Z] >>> [apiv2][query] GET https://www.gstatic.com/firebasejs/releases.json [none]
[debug] [2023-01-26T13:41:31.134Z] <<< [apiv2][status] GET https://www.gstatic.com/firebasejs/releases.json 200
[debug] [2023-01-26T13:41:31.134Z] <<< [apiv2][body] GET https://www.gstatic.com/firebasejs/releases.json {"current":{"version":"9.16.0","browserURL":"https://www.gstatic.com/firebasejs/9.16.0/firebase.js","packageURL":"https://www.gstatic.com/firebasejs/9.16.0/firebase.tgz"},"live":{"version":"9.16","browserURL":"https://www.gstatic.com/firebasejs/live/9.16/firebase.js","packageURL":"https://www.gstatic.com/firebasejs/live/9.16/firebase.tgz"},"components":{"analytics":"https://www.gstatic.com/firebasejs/9.16.0/firebase-analytics.js","app":"https://www.gstatic.com/firebasejs/9.16.0/firebase-app.js","app-check":"https://www.gstatic.com/firebasejs/9.16.0/firebase-app-check.js","auth":"https://www.gstatic.com/firebasejs/9.16.0/firebase-auth.js","auth/cordova":"https://www.gstatic.com/firebasejs/9.16.0/firebase-auth/cordova.js","auth/react-native":"https://www.gstatic.com/firebasejs/9.16.0/firebase-auth/react-native.js","functions":"https://www.gstatic.com/firebasejs/9.16.0/firebase-functions.js","firestore":"https://www.gstatic.com/firebasejs/9.16.0/firebase-firestore.js","firestore/lite":"https://www.gstatic.com/firebasejs/9.16.0/firebase-firestore/lite.js","installations":"https://www.gstatic.com/firebasejs/9.16.0/firebase-installations.js","storage":"https://www.gstatic.com/firebasejs/9.16.0/firebase-storage.js","performance":"https://www.gstatic.com/firebasejs/9.16.0/firebase-performance.js","remote-config":"https://www.gstatic.com/firebasejs/9.16.0/firebase-remote-config.js","messaging":"https://www.gstatic.com/firebasejs/9.16.0/firebase-messaging.js","messaging/sw":"https://www.gstatic.com/firebasejs/9.16.0/firebase-messaging/sw.js","database":"https://www.gstatic.com/firebasejs/9.16.0/firebase-database.js","firestore.memory":"https://www.gstatic.com/firebasejs/9.16.0/firebase-firestore.memory.js"}}
[info] +  Wrote build/index.html 
[info] 
[info] i  Detected a .git folder at C:\Users\Shimy\Desktop\my-portfolio 
[info] i  Authorizing with GitHub to upload your service account to a GitHub repository's secrets store. 
[info] 
[info] Visit this URL on this device to log in:
[info] https://github.com/login/oauth/authorize?client_id=89cf50f02ac6aaed3484&state=601941733&redirect_uri=http%3A%2F%2Flocalhost%3A9005&scope=read%3Auser%20repo%20public_repo
[info] 
[info] Waiting for authentication...
[debug] [2023-01-26T13:41:53.975Z] >>> [apiv2][query] POST https://github.com/login/oauth/access_token [none]
[debug] [2023-01-26T13:41:53.976Z] >>> [apiv2][body] POST https://github.com/login/oauth/access_token [stream]
[debug] [2023-01-26T13:41:54.397Z] <<< [apiv2][status] POST https://github.com/login/oauth/access_token 200
[debug] [2023-01-26T13:41:54.397Z] <<< [apiv2][body] POST https://github.com/login/oauth/access_token {"access_token":"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","token_type":"bearer","scope":"read:user,repo"}
[debug] [2023-01-26T13:41:54.404Z] >>> [apiv2][query] GET https://api.github.com/user [none]
[debug] [2023-01-26T13:41:54.793Z] <<< [apiv2][status] GET https://api.github.com/user 200
[debug] [2023-01-26T13:41:54.793Z] <<< [apiv2][body] GET https://api.github.com/user {"login":"shimy8617","id":84110240,"node_id":"MDQ6VXNlcjg0MTEwMjQw","avatar_url":"https://avatars.githubusercontent.com/u/84110240?v=4","gravatar_id":"","url":"https://api.github.com/users/shimy8617","html_url":"https://github.com/shimy8617","followers_url":"https://api.github.com/users/shimy8617/followers","following_url":"https://api.github.com/users/shimy8617/following{/other_user}","gists_url":"https://api.github.com/users/shimy8617/gists{/gist_id}","starred_url":"https://api.github.com/users/shimy8617/starred{/owner}{/repo}","subscriptions_url":"https://api.github.com/users/shimy8617/subscriptions","organizations_url":"https://api.github.com/users/shimy8617/orgs","repos_url":"https://api.github.com/users/shimy8617/repos","events_url":"https://api.github.com/users/shimy8617/events{/privacy}","received_events_url":"https://api.github.com/users/shimy8617/received_events","type":"User","site_admin":false,"name":"Cristina Shim","company":"cristina elisabet shim","blog":"","location":"Argentina","email":null,"hireable":null,"bio":"Hi, I'm Cristina and I'm from Argentina. I'm a frontend developer Jr, focused in React. I'm very passionate and self-learner of programming. ","twitter_username":null,"public_repos":34,"public_gists":0,"followers":1,"following":2,"created_at":"2021-05-13T01:02:46Z","updated_at":"2022-12-14T22:54:25Z","private_gists":0,"total_private_repos":1,"owned_private_repos":1,"disk_usage":112724,"collaborators":0,"two_factor_authentication":false,"plan":{"name":"free","space":976562499,"collaborators":0,"private_repos":10000}}
[info] 
[info] +  Success! Logged into GitHub as shimy8617 
[info] 
